--------------------------------------------------------------------------------
Tests started: 2019-11-01 20:57:07 +0000
--------------------------------------------------------------------------------
2019-11-01 13:59:26.529488-0700 standard-swiftUITests-Runner[5193:361306] Launching with XCTest injected. Preparing to run tests.
2019-11-01 13:59:26.754957-0700 standard-swiftUITests-Runner[5193:361306] Waiting to run tests until the app finishes launching.
2019-11-01 13:59:27.520967-0700 standard-swiftUITests-Runner[5193:361306] Running tests...
2019-11-01 13:59:46.369852-0700 standard-swiftUITests-Runner[5193:361306] Continuing to run tests in the background with task ID 2
Test Suite 'Selected tests' started at 2019-11-01 13:59:49.910
XCTestOutputBarrierTest Suite 'standard-swiftUITests.xctest' started at 2019-11-01 13:59:49.935
XCTestOutputBarrierTest Suite 'Test_Index_UI' started at 2019-11-01 13:59:50.008
XCTestOutputBarrierTest Case '-[standard_swiftUITests.Test_Index_UI testCheckFirstButtonInfo]' started.
XCTestOutputBarrier    t =     0.01s Start Test at 2019-11-01 13:59:50.197
2019-11-01 13:59:50.280266-0700 standard-swiftUITests-Runner[5193:361306] Can't end BackgroundTask: no background task exists with identifier 3 (0x3), or it may have already been ended. Break in UIApplicationEndBackgroundTaskError() to debug.
    t =     0.79s Set Up
    t =     0.81s     Open codecov.standard-swift
    t =     1.18s         Launch codecov.standard-swift
    t =    19.70s             Setting up automation session
    t =    22.05s             Wait for codecov.standard-swift to idle
    t =    34.27s Tap "Eli
Wise Falcon" Button
    t =    34.27s     Wait for codecov.standard-swift to idle
    t =    34.34s     Find the "Eli
Wise Falcon" Button
    t =    34.93s     Check for interrupting elements affecting "Eli
Wise Falcon" Button
    t =    35.18s     Synthesize event
    t =    36.14s     Wait for codecov.standard-swift to idle
    t =    36.69s Find the StaticText
    t =    36.76s Tear Down
Test Case '-[standard_swiftUITests.Test_Index_UI testCheckFirstButtonInfo]' passed (37.081 seconds).
XCTestOutputBarrierTest Suite 'Test_Index_UI' passed at 2019-11-01 14:00:27.274.
	 Executed 1 test, with 0 failures (0 unexpected) in 37.081 (37.266) seconds
XCTestOutputBarrierTest Suite 'standard-swiftUITests.xctest' passed at 2019-11-01 14:00:27.276.
	 Executed 1 test, with 0 failures (0 unexpected) in 37.081 (37.341) seconds
XCTestOutputBarrierTest Suite 'Selected tests' passed at 2019-11-01 14:00:27.278.
	 Executed 1 test, with 0 failures (0 unexpected) in 37.081 (37.368) seconds
XCTestOutputBarrier
BP_APP_PROC_ENDED
